# JRE version: Java(TM) SE Runtime Environment (19.0.1+10) (build 19.0.1+10-21)
# Java VM: Java HotSpot(TM) 64-Bit Server VM (19.0.1+10-21, mixed mode, sharing, tiered, compressed oops, compressed class ptrs, g1 gc, bsd-aarch64)
GC Precious Log:
 CardTable entry size: 512
 Card Set container configuration: InlinePtr #cards 4 size 8 Array Of Cards #cards 16 size 48 Howl #buckets 8 coarsen threshold 3686 Howl Bitmap #cards 512 size 80 coarsen threshold 460 Card regions per heap region 1 cards per card region 4096
 CPUs: 10 total, 10 available
 Memory: 65536M
 Large Page Support: Disabled
 NUMA Support: Disabled
 Compressed Oops: Enabled (Zero based)
 Heap Region Size: 2M
 Heap Min Capacity: 8M
 Heap Initial Capacity: 1G
 Heap Max Capacity: 4G
 Pre-touch: Disabled
 Parallel Workers: 9
 Concurrent Workers: 2
 Concurrent Refinement Workers: 9
 Periodic GC: Disabled
Heap:
 garbage-first heap   total 569344K, used 190431K [0x0000000700000000, 0x0000000800000000)
  region size 2048K, 71 young (145408K), 2 survivors (4096K)
 Metaspace       used 58818K, committed 59328K, reserved 1114112K
  class space    used 7238K, committed 7424K, reserved 1048576K
GC Heap History (20 events):
Event: 0.552 GC heap before
{Heap before GC invocations=1 (full 0):
 garbage-first heap   total 1052672K, used 39992K [0x0000000700000000, 0x0000000800000000)
  region size 2048K, 17 young (34816K), 4 survivors (8192K)
 Metaspace       used 21248K, committed 21504K, reserved 1114112K
  class space    used 2376K, committed 2496K, reserved 1048576K
}
Event: 0.554 GC heap after
{Heap after GC invocations=2 (full 0):
 garbage-first heap   total 1052672K, used 17639K [0x0000000700000000, 0x0000000800000000)
  region size 2048K, 1 young (2048K), 1 survivors (2048K)
 Metaspace       used 21248K, committed 21504K, reserved 1114112K
  class space    used 2376K, committed 2496K, reserved 1048576K
}
Event: 1.158 GC heap before
{Heap before GC invocations=3 (full 0):
 garbage-first heap   total 75776K, used 58599K [0x0000000700000000, 0x0000000800000000)
  region size 2048K, 22 young (45056K), 1 survivors (2048K)
 Metaspace       used 34127K, committed 34432K, reserved 1114112K
  class space    used 3957K, committed 4096K, reserved 1048576K
}
Event: 1.161 GC heap after
{Heap after GC invocations=4 (full 0):
 garbage-first heap   total 75776K, used 21259K [0x0000000700000000, 0x0000000800000000)
  region size 2048K, 3 young (6144K), 3 survivors (6144K)
 Metaspace       used 34127K, committed 34432K, reserved 1114112K
  class space    used 3957K, committed 4096K, reserved 1048576K
}
Event: 1.182 GC heap before
{Heap before GC invocations=4 (full 0):
 garbage-first heap   total 75776K, used 23307K [0x0000000700000000, 0x0000000800000000)
  region size 2048K, 4 young (8192K), 3 survivors (6144K)
 Metaspace       used 34720K, committed 35008K, reserved 1114112K
  class space    used 4080K, committed 4224K, reserved 1048576K
}
Event: 1.185 GC heap after
{Heap after GC invocations=5 (full 0):
 garbage-first heap   total 75776K, used 21792K [0x0000000700000000, 0x0000000800000000)
  region size 2048K, 1 young (2048K), 1 survivors (2048K)
 Metaspace       used 34720K, committed 35008K, reserved 1114112K
  class space    used 4080K, committed 4224K, reserved 1048576K
}
Event: 1.220 GC heap before
{Heap before GC invocations=5 (full 0):
 garbage-first heap   total 75776K, used 25888K [0x0000000700000000, 0x0000000800000000)
  region size 2048K, 4 young (8192K), 1 survivors (2048K)
 Metaspace       used 35698K, committed 35968K, reserved 1114112K
  class space    used 4236K, committed 4352K, reserved 1048576K
}
Event: 1.221 GC heap after
{Heap after GC invocations=6 (full 0):
 garbage-first heap   total 75776K, used 21826K [0x0000000700000000, 0x0000000800000000)
  region size 2048K, 1 young (2048K), 1 survivors (2048K)
 Metaspace       used 35698K, committed 35968K, reserved 1114112K
  class space    used 4236K, committed 4352K, reserved 1048576K
}
Event: 1.792 GC heap before
{Heap before GC invocations=7 (full 0):
 garbage-first heap   total 75776K, used 52546K [0x0000000700000000, 0x0000000800000000)
  region size 2048K, 16 young (32768K), 1 survivors (2048K)
 Metaspace       used 43504K, committed 43904K, reserved 1114112K
  class space    used 5267K, committed 5440K, reserved 1048576K
}
Event: 1.793 GC heap after
{Heap after GC invocations=8 (full 0):
 garbage-first heap   total 75776K, used 25121K [0x0000000700000000, 0x0000000800000000)
  region size 2048K, 2 young (4096K), 2 survivors (4096K)
 Metaspace       used 43504K, committed 43904K, reserved 1114112K
  class space    used 5267K, committed 5440K, reserved 1048576K
}
Event: 7.578 GC heap before
{Heap before GC invocations=8 (full 0):
 garbage-first heap   total 75776K, used 53793K [0x0000000700000000, 0x0000000800000000)
  region size 2048K, 16 young (32768K), 2 survivors (4096K)
 Metaspace       used 51798K, committed 52288K, reserved 1114112K
  class space    used 6473K, committed 6720K, reserved 1048576K
}
Event: 7.580 GC heap after
{Heap after GC invocations=9 (full 0):
 garbage-first heap   total 75776K, used 27738K [0x0000000700000000, 0x0000000800000000)
  region size 2048K, 2 young (4096K), 2 survivors (4096K)
 Metaspace       used 51798K, committed 52288K, reserved 1114112K
  class space    used 6473K, committed 6720K, reserved 1048576K
}
Event: 7.727 GC heap before
{Heap before GC invocations=9 (full 0):
 garbage-first heap   total 75776K, used 54362K [0x0000000700000000, 0x0000000800000000)
  region size 2048K, 15 young (30720K), 2 survivors (4096K)
 Metaspace       used 55695K, committed 56128K, reserved 1114112K
  class space    used 6858K, committed 7040K, reserved 1048576K
}
Event: 7.730 GC heap after
{Heap after GC invocations=10 (full 0):
 garbage-first heap   total 75776K, used 35630K [0x0000000700000000, 0x0000000800000000)
  region size 2048K, 2 young (4096K), 2 survivors (4096K)
 Metaspace       used 55695K, committed 56128K, reserved 1114112K
  class space    used 6858K, committed 7040K, reserved 1048576K
}
Event: 7.754 GC heap before
{Heap before GC invocations=10 (full 0):
 garbage-first heap   total 75776K, used 54062K [0x0000000700000000, 0x0000000800000000)
  region size 2048K, 11 young (22528K), 2 survivors (4096K)
 Metaspace       used 55717K, committed 56128K, reserved 1114112K
  class space    used 6858K, committed 7040K, reserved 1048576K
}
Event: 7.756 GC heap after
{Heap after GC invocations=11 (full 0):
 garbage-first heap   total 75776K, used 41725K [0x0000000700000000, 0x0000000800000000)
  region size 2048K, 2 young (4096K), 2 survivors (4096K)
 Metaspace       used 55717K, committed 56128K, reserved 1114112K
  class space    used 6858K, committed 7040K, reserved 1048576K
}
Event: 7.775 GC heap before
{Heap before GC invocations=12 (full 0):
 garbage-first heap   total 90112K, used 54013K [0x0000000700000000, 0x0000000800000000)
  region size 2048K, 8 young (16384K), 2 survivors (4096K)
 Metaspace       used 55723K, committed 56128K, reserved 1114112K
  class space    used 6857K, committed 7040K, reserved 1048576K
}
Event: 7.777 GC heap after
{Heap after GC invocations=13 (full 0):
 garbage-first heap   total 569344K, used 46480K [0x0000000700000000, 0x0000000800000000)
  region size 2048K, 1 young (2048K), 1 survivors (2048K)
 Metaspace       used 55723K, committed 56128K, reserved 1114112K
  class space    used 6857K, committed 7040K, reserved 1048576K
}
Event: 7.820 GC heap before
{Heap before GC invocations=13 (full 0):
 garbage-first heap   total 569344K, used 71056K [0x0000000700000000, 0x0000000800000000)
  region size 2048K, 13 young (26624K), 1 survivors (2048K)
 Metaspace       used 55884K, committed 56384K, reserved 1114112K
  class space    used 6882K, committed 7104K, reserved 1048576K
}
Event: 7.821 GC heap after
{Heap after GC invocations=14 (full 0):
 garbage-first heap   total 569344K, used 53215K [0x0000000700000000, 0x0000000800000000)
  region size 2048K, 2 young (4096K), 2 survivors (4096K)
 Metaspace       used 55884K, committed 56384K, reserved 1114112K
  class space    used 6882K, committed 7104K, reserved 1048576K
}

